{"message":{"entity":"local file","action":"check existence","status":"checking","absoluteFilePath":"/space/projects/nse-52-week-high-low/output/data.csv"},"level":"debug","timestamp":"2020-01-29T08:28:01.086Z"}
{"message":{"entity":"local file","action":"check existence","status":"exists","absoluteFilePath":"/space/projects/nse-52-week-high-low/output/data.csv"},"level":"debug","timestamp":"2020-01-29T08:28:01.090Z"}
{"message":{"entity":"local file","action":"delete","status":"initiated","absoluteFilePath":"/space/projects/nse-52-week-high-low/output/data.csv"},"level":"debug","timestamp":"2020-01-29T08:28:01.090Z"}
{"message":{"entity":"local file","action":"delete","status":"deleted","absoluteFilePath":"/space/projects/nse-52-week-high-low/output/data.csv"},"level":"debug","timestamp":"2020-01-29T08:28:01.091Z"}
{"message":{"entity":"local file","action":"create write stream","status":"initiated","absoluteFilePath":"/space/projects/nse-52-week-high-low/output/data.csv"},"level":"debug","timestamp":"2020-01-29T08:28:01.092Z"}
{"message":{"entity":"local file","action":"create write stream","status":"created","absoluteFilePath":"/space/projects/nse-52-week-high-low/output/data.csv"},"level":"debug","timestamp":"2020-01-29T08:28:01.092Z"}
{"currentPage":1,"totalPages":176,"level":"info","message":"fetched total number of pages","timestamp":"2020-01-29T08:28:03.914Z"}
{"headerLine":"\"Company Name\",\"52 Week High (₹)\",\"High Date\",\"52 Week Low (₹)\",\"Low Date\"\n","level":"info","message":"parsed header line for csv","timestamp":"2020-01-29T08:28:03.998Z"}
{"message":{"entity":"local file","action":"write data","status":"initiated","dataDescriptor":"Header"},"level":"debug","timestamp":"2020-01-29T08:28:03.998Z"}
{"message":{"entity":"local file","action":"write data","status":"written","dataDescriptor":"Header"},"level":"debug","timestamp":"2020-01-29T08:28:04.000Z"}
{"pageNo":1,"typeOfCurrentPage":"number","totalPages":176,"typeOfTotalPages":"number","level":"error","message":"proceeding, current page less than or equal to total pages","timestamp":"2020-01-29T08:28:04.001Z"}
{"currentPage":1,"totalPages":176,"level":"info","message":"fetched current page","timestamp":"2020-01-29T08:28:04.001Z"}
{"rowLine":"\"20 Microns Ltd.\",\"44.15\",\"29/05/2019\",\"30.70\",\"23/08/2019\"\n","level":"info","message":"parsed row line for csv","timestamp":"2020-01-29T08:28:04.092Z"}
{"message":{"entity":"local file","action":"write data","status":"initiated","dataDescriptor":"(Line) 1 (Current Page) 1 (Total Pages) 176"},"level":"debug","timestamp":"2020-01-29T08:28:04.093Z"}
{"message":{"entity":"local file","action":"write data","status":"written","dataDescriptor":"(Line) 1 (Current Page) 1 (Total Pages) 176"},"level":"debug","timestamp":"2020-01-29T08:28:04.093Z"}
{"rowLine":"\"3i Infotech\",\"4.55\",\"22/04/2019\",\"1.55\",\"23/08/2019\"\n","level":"info","message":"parsed row line for csv","timestamp":"2020-01-29T08:28:04.165Z"}
{"message":{"entity":"local file","action":"write data","status":"initiated","dataDescriptor":"(Line) 2 (Current Page) 1 (Total Pages) 176"},"level":"debug","timestamp":"2020-01-29T08:28:04.165Z"}
{"message":{"entity":"local file","action":"write data","status":"written","dataDescriptor":"(Line) 2 (Current Page) 1 (Total Pages) 176"},"level":"debug","timestamp":"2020-01-29T08:28:04.166Z"}
{"rowLine":"\"3M India Ltd.\",\"25,439.95\",\"16/04/2019\",\"16,749.95\",\"16/09/2019\"\n","level":"info","message":"parsed row line for csv","timestamp":"2020-01-29T08:28:04.240Z"}
{"message":{"entity":"local file","action":"write data","status":"initiated","dataDescriptor":"(Line) 3 (Current Page) 1 (Total Pages) 176"},"level":"debug","timestamp":"2020-01-29T08:28:04.240Z"}
{"message":{"entity":"local file","action":"write data","status":"written","dataDescriptor":"(Line) 3 (Current Page) 1 (Total Pages) 176"},"level":"debug","timestamp":"2020-01-29T08:28:04.241Z"}
{"rowLine":"\"3P Land Holdings\",\"13.70\",\"04/02/2019\",\"5.25\",\"22/08/2019\"\n","level":"info","message":"parsed row line for csv","timestamp":"2020-01-29T08:28:04.302Z"}
{"message":{"entity":"local file","action":"write data","status":"initiated","dataDescriptor":"(Line) 4 (Current Page) 1 (Total Pages) 176"},"level":"debug","timestamp":"2020-01-29T08:28:04.302Z"}
{"message":{"entity":"local file","action":"write data","status":"written","dataDescriptor":"(Line) 4 (Current Page) 1 (Total Pages) 176"},"level":"debug","timestamp":"2020-01-29T08:28:04.302Z"}
{"rowLine":"\"3rd Rock Multimedia\",\"104.20\",\"19/01/2018\",\"62.50\",\"10/10/2018\"\n","level":"info","message":"parsed row line for csv","timestamp":"2020-01-29T08:28:04.368Z"}
{"message":{"entity":"local file","action":"write data","status":"initiated","dataDescriptor":"(Line) 5 (Current Page) 1 (Total Pages) 176"},"level":"debug","timestamp":"2020-01-29T08:28:04.368Z"}
{"message":{"entity":"local file","action":"write data","status":"written","dataDescriptor":"(Line) 5 (Current Page) 1 (Total Pages) 176"},"level":"debug","timestamp":"2020-01-29T08:28:04.369Z"}
{"rowLine":"\"5Paisa Capital\",\"270.00\",\"29/05/2019\",\"120.80\",\"23/08/2019\"\n","level":"info","message":"parsed row line for csv","timestamp":"2020-01-29T08:28:04.437Z"}
{"message":{"entity":"local file","action":"write data","status":"initiated","dataDescriptor":"(Line) 6 (Current Page) 1 (Total Pages) 176"},"level":"debug","timestamp":"2020-01-29T08:28:04.437Z"}
{"message":{"entity":"local file","action":"write data","status":"written","dataDescriptor":"(Line) 6 (Current Page) 1 (Total Pages) 176"},"level":"debug","timestamp":"2020-01-29T08:28:04.437Z"}
{"rowLine":"\"63 Moons Technologie\",\"184.75\",\"10/05/2019\",\"70.85\",\"18/02/2019\"\n","level":"info","message":"parsed row line for csv","timestamp":"2020-01-29T08:28:04.509Z"}
{"message":{"entity":"local file","action":"write data","status":"initiated","dataDescriptor":"(Line) 7 (Current Page) 1 (Total Pages) 176"},"level":"debug","timestamp":"2020-01-29T08:28:04.509Z"}
{"message":{"entity":"local file","action":"write data","status":"written","dataDescriptor":"(Line) 7 (Current Page) 1 (Total Pages) 176"},"level":"debug","timestamp":"2020-01-29T08:28:04.510Z"}
{"rowLine":"\"8K Miles Software\",\"142.30\",\"18/04/2019\",\"27.95\",\"27/01/2020\"\n","level":"info","message":"parsed row line for csv","timestamp":"2020-01-29T08:28:04.573Z"}
{"message":{"entity":"local file","action":"write data","status":"initiated","dataDescriptor":"(Line) 8 (Current Page) 1 (Total Pages) 176"},"level":"debug","timestamp":"2020-01-29T08:28:04.573Z"}
{"message":{"entity":"local file","action":"write data","status":"written","dataDescriptor":"(Line) 8 (Current Page) 1 (Total Pages) 176"},"level":"debug","timestamp":"2020-01-29T08:28:04.574Z"}
{"rowLine":"\"A and M Jumbo Bags L\",\"17.86\",\"01/02/2019\",\"7.80\",\"16/09/2019\"\n","level":"info","message":"parsed row line for csv","timestamp":"2020-01-29T08:28:04.644Z"}
{"message":{"entity":"local file","action":"write data","status":"initiated","dataDescriptor":"(Line) 9 (Current Page) 1 (Total Pages) 176"},"level":"debug","timestamp":"2020-01-29T08:28:04.645Z"}
{"message":{"entity":"local file","action":"write data","status":"written","dataDescriptor":"(Line) 9 (Current Page) 1 (Total Pages) 176"},"level":"debug","timestamp":"2020-01-29T08:28:04.645Z"}
{"rowLine":"\"A2Z Infra Engineer\",\"19.70\",\"19/03/2019\",\"7.00\",\"28/01/2020\"\n","level":"info","message":"parsed row line for csv","timestamp":"2020-01-29T08:28:04.702Z"}
{"message":{"entity":"local file","action":"write data","status":"initiated","dataDescriptor":"(Line) 10 (Current Page) 1 (Total Pages) 176"},"level":"debug","timestamp":"2020-01-29T08:28:04.702Z"}
{"message":{"entity":"local file","action":"write data","status":"written","dataDescriptor":"(Line) 10 (Current Page) 1 (Total Pages) 176"},"level":"debug","timestamp":"2020-01-29T08:28:04.702Z"}
{"rowLine":"\"Aakash Exploration\",\"87.80\",\"24/12/2019\",\"14.10\",\"22/10/2019\"\n","level":"info","message":"parsed row line for csv","timestamp":"2020-01-29T08:28:04.761Z"}
{"message":{"entity":"local file","action":"write data","status":"initiated","dataDescriptor":"(Line) 11 (Current Page) 1 (Total Pages) 176"},"level":"debug","timestamp":"2020-01-29T08:28:04.761Z"}
{"message":{"entity":"local file","action":"write data","status":"written","dataDescriptor":"(Line) 11 (Current Page) 1 (Total Pages) 176"},"level":"debug","timestamp":"2020-01-29T08:28:04.762Z"}
{"rowLine":"\"Aaron Industries\",\"51.85\",\"10/01/2020\",\"35.45\",\"22/05/2019\"\n","level":"info","message":"parsed row line for csv","timestamp":"2020-01-29T08:28:04.837Z"}
{"message":{"entity":"local file","action":"write data","status":"initiated","dataDescriptor":"(Line) 12 (Current Page) 1 (Total Pages) 176"},"level":"debug","timestamp":"2020-01-29T08:28:04.837Z"}
{"message":{"entity":"local file","action":"write data","status":"written","dataDescriptor":"(Line) 12 (Current Page) 1 (Total Pages) 176"},"level":"debug","timestamp":"2020-01-29T08:28:04.838Z"}
{"message":"click happened","level":"info","timestamp":"2020-01-29T08:28:05.096Z"}
{"message":"sleeping for 10 seconds","level":"info","timestamp":"2020-01-29T08:28:15.108Z"}
{"windowHandleCount":1,"windowHandles":["13"],"level":"info","message":"got window handles","timestamp":"2020-01-29T08:28:15.112Z"}
{"windowHandle":"13","level":"info","message":"switching to window","timestamp":"2020-01-29T08:28:15.113Z"}
{"windowHandle":"13","level":"info","message":"switched to window","timestamp":"2020-01-29T08:28:15.117Z"}
{"message":"got form","level":"info","timestamp":"2020-01-29T08:28:15.125Z"}
{"message":"got div","level":"info","timestamp":"2020-01-29T08:28:15.133Z"}
{"message":"got table","level":"info","timestamp":"2020-01-29T08:28:15.142Z"}
{"message":"got spans","level":"info","timestamp":"2020-01-29T08:28:15.153Z"}
{"pageNo":2,"typeOfCurrentPage":"number","totalPages":176,"typeOfTotalPages":"number","level":"info","message":"next parse","timestamp":"2020-01-29T08:28:15.185Z"}
{"pageNo":2,"typeOfCurrentPage":"number","totalPages":176,"typeOfTotalPages":"number","level":"error","message":"proceeding, current page less than or equal to total pages","timestamp":"2020-01-29T08:28:15.186Z"}
{"currentPage":2,"totalPages":176,"level":"info","message":"fetched current page","timestamp":"2020-01-29T08:28:15.186Z"}
{"rowLine":"\"Aarti Drugs Ltd\",\"707.00\",\"11/03/2019\",\"427.00\",\"05/08/2019\"\n","level":"info","message":"parsed row line for csv","timestamp":"2020-01-29T08:28:15.311Z"}
{"message":{"entity":"local file","action":"write data","status":"initiated","dataDescriptor":"(Line) 1 (Current Page) 2 (Total Pages) 176"},"level":"debug","timestamp":"2020-01-29T08:28:15.312Z"}
{"message":{"entity":"local file","action":"write data","status":"written","dataDescriptor":"(Line) 1 (Current Page) 2 (Total Pages) 176"},"level":"debug","timestamp":"2020-01-29T08:28:15.312Z"}
{"rowLine":"\"Aarti Ind. Ltd\",\"949.50\",\"28/05/2019\",\"650.00\",\"20/02/2019\"\n","level":"info","message":"parsed row line for csv","timestamp":"2020-01-29T08:28:15.395Z"}
{"message":{"entity":"local file","action":"write data","status":"initiated","dataDescriptor":"(Line) 2 (Current Page) 2 (Total Pages) 176"},"level":"debug","timestamp":"2020-01-29T08:28:15.396Z"}
{"message":{"entity":"local file","action":"write data","status":"written","dataDescriptor":"(Line) 2 (Current Page) 2 (Total Pages) 176"},"level":"debug","timestamp":"2020-01-29T08:28:15.396Z"}
{"rowLine":"\"Aarvee Denims an\",\"27.50\",\"30/04/2019\",\"10.65\",\"13/12/2019\"\n","level":"info","message":"parsed row line for csv","timestamp":"2020-01-29T08:28:15.473Z"}
{"message":{"entity":"local file","action":"write data","status":"initiated","dataDescriptor":"(Line) 3 (Current Page) 2 (Total Pages) 176"},"level":"debug","timestamp":"2020-01-29T08:28:15.473Z"}
{"message":{"entity":"local file","action":"write data","status":"written","dataDescriptor":"(Line) 3 (Current Page) 2 (Total Pages) 176"},"level":"debug","timestamp":"2020-01-29T08:28:15.473Z"}
{"rowLine":"\"Aarvi Encon\",\"50.05\",\"16/10/2019\",\"25.55\",\"20/01/2020\"\n","level":"info","message":"parsed row line for csv","timestamp":"2020-01-29T08:28:15.539Z"}
{"message":{"entity":"local file","action":"write data","status":"initiated","dataDescriptor":"(Line) 4 (Current Page) 2 (Total Pages) 176"},"level":"debug","timestamp":"2020-01-29T08:28:15.540Z"}
{"message":{"entity":"local file","action":"write data","status":"written","dataDescriptor":"(Line) 4 (Current Page) 2 (Total Pages) 176"},"level":"debug","timestamp":"2020-01-29T08:28:15.540Z"}
{"rowLine":"\"Aavas Financiers\",\"2,101.00\",\"09/01/2020\",\"811.00\",\"01/02/2019\"\n","level":"info","message":"parsed row line for csv","timestamp":"2020-01-29T08:28:15.610Z"}
{"message":{"entity":"local file","action":"write data","status":"initiated","dataDescriptor":"(Line) 5 (Current Page) 2 (Total Pages) 176"},"level":"debug","timestamp":"2020-01-29T08:28:15.610Z"}
{"message":{"entity":"local file","action":"write data","status":"written","dataDescriptor":"(Line) 5 (Current Page) 2 (Total Pages) 176"},"level":"debug","timestamp":"2020-01-29T08:28:15.610Z"}
{"rowLine":"\"AB Infrabuild\",\"29.50\",\"12/07/2019\",\"11.35\",\"27/01/2020\"\n","level":"info","message":"parsed row line for csv","timestamp":"2020-01-29T08:28:15.681Z"}
{"message":{"entity":"local file","action":"write data","status":"initiated","dataDescriptor":"(Line) 6 (Current Page) 2 (Total Pages) 176"},"level":"debug","timestamp":"2020-01-29T08:28:15.682Z"}
{"message":{"entity":"local file","action":"write data","status":"written","dataDescriptor":"(Line) 6 (Current Page) 2 (Total Pages) 176"},"level":"debug","timestamp":"2020-01-29T08:28:15.682Z"}
{"rowLine":"\"Aban Offshore\",\"78.00\",\"12/03/2019\",\"21.45\",\"26/08/2019\"\n","level":"info","message":"parsed row line for csv","timestamp":"2020-01-29T08:28:15.753Z"}
{"message":{"entity":"local file","action":"write data","status":"initiated","dataDescriptor":"(Line) 7 (Current Page) 2 (Total Pages) 176"},"level":"debug","timestamp":"2020-01-29T08:28:15.753Z"}
{"message":{"entity":"local file","action":"write data","status":"written","dataDescriptor":"(Line) 7 (Current Page) 2 (Total Pages) 176"},"level":"debug","timestamp":"2020-01-29T08:28:15.754Z"}
{"rowLine":"\"ABB India\",\"1,670.00\",\"05/07/2019\",\"1,200.00\",\"26/12/2019\"\n","level":"info","message":"parsed row line for csv","timestamp":"2020-01-29T08:28:15.822Z"}
{"message":{"entity":"local file","action":"write data","status":"initiated","dataDescriptor":"(Line) 8 (Current Page) 2 (Total Pages) 176"},"level":"debug","timestamp":"2020-01-29T08:28:15.822Z"}
{"message":{"entity":"local file","action":"write data","status":"written","dataDescriptor":"(Line) 8 (Current Page) 2 (Total Pages) 176"},"level":"debug","timestamp":"2020-01-29T08:28:15.823Z"}
{"rowLine":"\"Abbott India Ltd.\",\"13,470.05\",\"17/12/2019\",\"7,151.20\",\"22/02/2019\"\n","level":"info","message":"parsed row line for csv","timestamp":"2020-01-29T08:28:15.901Z"}
{"message":{"entity":"local file","action":"write data","status":"initiated","dataDescriptor":"(Line) 9 (Current Page) 2 (Total Pages) 176"},"level":"debug","timestamp":"2020-01-29T08:28:15.901Z"}
{"message":{"entity":"local file","action":"write data","status":"written","dataDescriptor":"(Line) 9 (Current Page) 2 (Total Pages) 176"},"level":"debug","timestamp":"2020-01-29T08:28:15.901Z"}
{"rowLine":"\"ABG Shipyard\",\"8.00\",\"05/06/2018\",\"1.20\",\"15/05/2019\"\n","level":"info","message":"parsed row line for csv","timestamp":"2020-01-29T08:28:15.964Z"}
{"message":{"entity":"local file","action":"write data","status":"initiated","dataDescriptor":"(Line) 10 (Current Page) 2 (Total Pages) 176"},"level":"debug","timestamp":"2020-01-29T08:28:15.964Z"}
{"message":{"entity":"local file","action":"write data","status":"written","dataDescriptor":"(Line) 10 (Current Page) 2 (Total Pages) 176"},"level":"debug","timestamp":"2020-01-29T08:28:15.964Z"}
{"rowLine":"\"ABM International L\",\"16.45\",\"28/01/2019\",\"13.30\",\"05/09/2019\"\n","level":"info","message":"parsed row line for csv","timestamp":"2020-01-29T08:28:16.030Z"}
{"message":{"entity":"local file","action":"write data","status":"initiated","dataDescriptor":"(Line) 11 (Current Page) 2 (Total Pages) 176"},"level":"debug","timestamp":"2020-01-29T08:28:16.031Z"}
{"message":{"entity":"local file","action":"write data","status":"written","dataDescriptor":"(Line) 11 (Current Page) 2 (Total Pages) 176"},"level":"debug","timestamp":"2020-01-29T08:28:16.031Z"}
{"rowLine":"\"ACC\",\"1,769.05\",\"28/05/2019\",\"1,326.00\",\"18/02/2019\"\n","level":"info","message":"parsed row line for csv","timestamp":"2020-01-29T08:28:16.104Z"}
{"message":{"entity":"local file","action":"write data","status":"initiated","dataDescriptor":"(Line) 12 (Current Page) 2 (Total Pages) 176"},"level":"debug","timestamp":"2020-01-29T08:28:16.105Z"}
{"message":{"entity":"local file","action":"write data","status":"written","dataDescriptor":"(Line) 12 (Current Page) 2 (Total Pages) 176"},"level":"debug","timestamp":"2020-01-29T08:28:16.105Z"}
{"message":"click happened","level":"info","timestamp":"2020-01-29T08:28:16.350Z"}
{"message":"sleeping for 10 seconds","level":"info","timestamp":"2020-01-29T08:28:26.358Z"}
{"windowHandleCount":1,"windowHandles":["13"],"level":"info","message":"got window handles","timestamp":"2020-01-29T08:28:26.364Z"}
{"windowHandle":"13","level":"info","message":"switching to window","timestamp":"2020-01-29T08:28:26.364Z"}
{"windowHandle":"13","level":"info","message":"switched to window","timestamp":"2020-01-29T08:28:26.370Z"}
{"message":"got form","level":"info","timestamp":"2020-01-29T08:28:26.376Z"}
{"message":"got div","level":"info","timestamp":"2020-01-29T08:28:26.383Z"}
{"message":"got table","level":"info","timestamp":"2020-01-29T08:28:26.391Z"}
{"message":"got spans","level":"info","timestamp":"2020-01-29T08:28:26.398Z"}
{"pageNo":3,"typeOfCurrentPage":"number","totalPages":176,"typeOfTotalPages":"number","level":"info","message":"next parse","timestamp":"2020-01-29T08:28:26.420Z"}
{"pageNo":3,"typeOfCurrentPage":"number","totalPages":176,"typeOfTotalPages":"number","level":"error","message":"proceeding, current page less than or equal to total pages","timestamp":"2020-01-29T08:28:26.421Z"}
{"currentPage":3,"totalPages":176,"level":"info","message":"fetched current page","timestamp":"2020-01-29T08:28:26.421Z"}
{"rowLine":"\"Accelya Solutions In\",\"1,245.20\",\"19/11/2019\",\"701.00\",\"23/08/2019\"\n","level":"info","message":"parsed row line for csv","timestamp":"2020-01-29T08:28:26.513Z"}
{"message":{"entity":"local file","action":"write data","status":"initiated","dataDescriptor":"(Line) 1 (Current Page) 3 (Total Pages) 176"},"level":"debug","timestamp":"2020-01-29T08:28:26.514Z"}
{"message":{"entity":"local file","action":"write data","status":"written","dataDescriptor":"(Line) 1 (Current Page) 3 (Total Pages) 176"},"level":"debug","timestamp":"2020-01-29T08:28:26.514Z"}
{"rowLine":"\"Accord Synergy\",\"36.20\",\"12/04/2019\",\"17.55\",\"01/01/2020\"\n","level":"info","message":"parsed row line for csv","timestamp":"2020-01-29T08:28:26.584Z"}
{"message":{"entity":"local file","action":"write data","status":"initiated","dataDescriptor":"(Line) 2 (Current Page) 3 (Total Pages) 176"},"level":"debug","timestamp":"2020-01-29T08:28:26.584Z"}
{"message":{"entity":"local file","action":"write data","status":"written","dataDescriptor":"(Line) 2 (Current Page) 3 (Total Pages) 176"},"level":"debug","timestamp":"2020-01-29T08:28:26.584Z"}
{"rowLine":"\"Accuracy Shipping\",\"87.00\",\"03/04/2019\",\"20.80\",\"23/01/2020\"\n","level":"info","message":"parsed row line for csv","timestamp":"2020-01-29T08:28:26.661Z"}
{"message":{"entity":"local file","action":"write data","status":"initiated","dataDescriptor":"(Line) 3 (Current Page) 3 (Total Pages) 176"},"level":"debug","timestamp":"2020-01-29T08:28:26.661Z"}
{"message":{"entity":"local file","action":"write data","status":"written","dataDescriptor":"(Line) 3 (Current Page) 3 (Total Pages) 176"},"level":"debug","timestamp":"2020-01-29T08:28:26.662Z"}
{"rowLine":"\"Ace Integrated Solut\",\"36.00\",\"20/03/2019\",\"12.40\",\"07/11/2019\"\n","level":"info","message":"parsed row line for csv","timestamp":"2020-01-29T08:28:26.728Z"}
{"message":{"entity":"local file","action":"write data","status":"initiated","dataDescriptor":"(Line) 4 (Current Page) 3 (Total Pages) 176"},"level":"debug","timestamp":"2020-01-29T08:28:26.728Z"}
{"message":{"entity":"local file","action":"write data","status":"written","dataDescriptor":"(Line) 4 (Current Page) 3 (Total Pages) 176"},"level":"debug","timestamp":"2020-01-29T08:28:26.728Z"}
{"rowLine":"\"Acropetal Technologi\",\"3.00\",\"04/05/2016\",\"1.20\",\"02/01/2017\"\n","level":"info","message":"parsed row line for csv","timestamp":"2020-01-29T08:28:26.793Z"}
{"message":{"entity":"local file","action":"write data","status":"initiated","dataDescriptor":"(Line) 5 (Current Page) 3 (Total Pages) 176"},"level":"debug","timestamp":"2020-01-29T08:28:26.793Z"}
{"message":{"entity":"local file","action":"write data","status":"written","dataDescriptor":"(Line) 5 (Current Page) 3 (Total Pages) 176"},"level":"debug","timestamp":"2020-01-29T08:28:26.793Z"}
{"rowLine":"\"Action Construction\",\"124.20\",\"02/04/2019\",\"48.20\",\"23/08/2019\"\n","level":"info","message":"parsed row line for csv","timestamp":"2020-01-29T08:28:26.858Z"}
{"message":{"entity":"local file","action":"write data","status":"initiated","dataDescriptor":"(Line) 6 (Current Page) 3 (Total Pages) 176"},"level":"debug","timestamp":"2020-01-29T08:28:26.858Z"}
{"message":{"entity":"local file","action":"write data","status":"written","dataDescriptor":"(Line) 6 (Current Page) 3 (Total Pages) 176"},"level":"debug","timestamp":"2020-01-29T08:28:26.859Z"}
{"rowLine":"\"Adani Enterprises Lt\",\"236.45\",\"27/01/2020\",\"113.00\",\"16/05/2019\"\n","level":"info","message":"parsed row line for csv","timestamp":"2020-01-29T08:28:26.924Z"}
{"message":{"entity":"local file","action":"write data","status":"initiated","dataDescriptor":"(Line) 7 (Current Page) 3 (Total Pages) 176"},"level":"debug","timestamp":"2020-01-29T08:28:26.924Z"}
{"message":{"entity":"local file","action":"write data","status":"written","dataDescriptor":"(Line) 7 (Current Page) 3 (Total Pages) 176"},"level":"debug","timestamp":"2020-01-29T08:28:26.924Z"}
{"rowLine":"\"Adani Gas\",\"185.60\",\"02/01/2020\",\"84.00\",\"04/02/2019\"\n","level":"info","message":"parsed row line for csv","timestamp":"2020-01-29T08:28:26.985Z"}
{"message":{"entity":"local file","action":"write data","status":"initiated","dataDescriptor":"(Line) 8 (Current Page) 3 (Total Pages) 176"},"level":"debug","timestamp":"2020-01-29T08:28:26.985Z"}
{"message":{"entity":"local file","action":"write data","status":"written","dataDescriptor":"(Line) 8 (Current Page) 3 (Total Pages) 176"},"level":"debug","timestamp":"2020-01-29T08:28:26.986Z"}
{"rowLine":"\"Adani Green Energy\",\"243.75\",\"10/01/2020\",\"30.15\",\"18/02/2019\"\n","level":"info","message":"parsed row line for csv","timestamp":"2020-01-29T08:28:27.051Z"}
{"message":{"entity":"local file","action":"write data","status":"initiated","dataDescriptor":"(Line) 9 (Current Page) 3 (Total Pages) 176"},"level":"debug","timestamp":"2020-01-29T08:28:27.051Z"}
{"message":{"entity":"local file","action":"write data","status":"written","dataDescriptor":"(Line) 9 (Current Page) 3 (Total Pages) 176"},"level":"debug","timestamp":"2020-01-29T08:28:27.051Z"}
{"rowLine":"\"Adani Ports & Speci\",\"430.60\",\"23/05/2019\",\"292.10\",\"28/01/2019\"\n","level":"info","message":"parsed row line for csv","timestamp":"2020-01-29T08:28:27.121Z"}
{"message":{"entity":"local file","action":"write data","status":"initiated","dataDescriptor":"(Line) 10 (Current Page) 3 (Total Pages) 176"},"level":"debug","timestamp":"2020-01-29T08:28:27.122Z"}
{"message":{"entity":"local file","action":"write data","status":"written","dataDescriptor":"(Line) 10 (Current Page) 3 (Total Pages) 176"},"level":"debug","timestamp":"2020-01-29T08:28:27.122Z"}
{"rowLine":"\"Adani Power Ltd.\",\"73.80\",\"04/11/2019\",\"33.25\",\"13/02/2019\"\n","level":"info","message":"parsed row line for csv","timestamp":"2020-01-29T08:28:27.201Z"}
{"message":{"entity":"local file","action":"write data","status":"initiated","dataDescriptor":"(Line) 11 (Current Page) 3 (Total Pages) 176"},"level":"debug","timestamp":"2020-01-29T08:28:27.201Z"}
{"message":{"entity":"local file","action":"write data","status":"written","dataDescriptor":"(Line) 11 (Current Page) 3 (Total Pages) 176"},"level":"debug","timestamp":"2020-01-29T08:28:27.203Z"}
{"rowLine":"\"Adani Transmission L\",\"366.40\",\"02/01/2020\",\"191.45\",\"26/02/2019\"\n","level":"info","message":"parsed row line for csv","timestamp":"2020-01-29T08:28:27.271Z"}
{"message":{"entity":"local file","action":"write data","status":"initiated","dataDescriptor":"(Line) 12 (Current Page) 3 (Total Pages) 176"},"level":"debug","timestamp":"2020-01-29T08:28:27.271Z"}
{"message":{"entity":"local file","action":"write data","status":"written","dataDescriptor":"(Line) 12 (Current Page) 3 (Total Pages) 176"},"level":"debug","timestamp":"2020-01-29T08:28:27.271Z"}
{"message":"click happened","level":"info","timestamp":"2020-01-29T08:28:27.502Z"}
